Copyright 1986-2022 Xilinx, Inc. All Rights Reserved. Copyright 2022-2024 Advanced Micro Devices, Inc. All Rights Reserved.
---------------------------------------------------------------------------------------------------------------------------------------------
| Tool Version : Vivado v.2024.1 (win64) Build 5076996 Wed May 22 18:37:14 MDT 2024
| Date         : Sat Apr 12 16:56:59 2025
| Host         : ROG-Rud running 64-bit major release  (build 9200)
| Command      : report_drc -file space_invader_top_drc_routed.rpt -pb space_invader_top_drc_routed.pb -rpx space_invader_top_drc_routed.rpx
| Design       : space_invader_top
| Device       : xc7a100tcsg324-1
| Speed File   : -1
| Design State : Fully Routed
---------------------------------------------------------------------------------------------------------------------------------------------

Report DRC

Table of Contents
-----------------
1. REPORT SUMMARY
2. REPORT DETAILS

1. REPORT SUMMARY
-----------------
            Netlist: netlist
          Floorplan: design_1
      Design limits: <entire design considered>
           Ruledeck: default
             Max violations: <unlimited>
             Violations found: 10
+----------+----------+-------------------------------------------------------------------+------------+
| Rule     | Severity | Description                                                       | Violations |
+----------+----------+-------------------------------------------------------------------+------------+
| CFGBVS-1 | Warning  | Missing CFGBVS and CONFIG_VOLTAGE Design Properties               | 1          |
| DPIP-1   | Warning  | Input pipelining                                                  | 2          |
| AVAL-4   | Advisory | enum_USE_DPORT_FALSE_enum_DREG_ADREG_0_connects_CED_CEAD_RSTD_GND | 1          |
| AVAL-5   | Advisory | enum_USE_MULT_NONE_enum_DREG_ADREG_0_connects_CED_CEAD_RSTD_GND   | 1          |
| REQP-20  | Advisory | enum_AREG_0_connects_CEA1_GND_connects_CEA2_GND                   | 1          |
| REQP-24  | Advisory | enum_BREG_0_connects_CEB1_GND_connects_CEB2_GND                   | 1          |
| REQP-28  | Advisory | enum_USE_MULT_NONE_connects_CEM_GND                               | 1          |
| REQP-29  | Advisory | enum_CREG_0_connects_CEC_GND                                      | 1          |
| REQP-30  | Advisory | enum_MREG_0_connects_CEM_GND                                      | 1          |
+----------+----------+-------------------------------------------------------------------+------------+

2. REPORT DETAILS
-----------------
CFGBVS-1#1 Warning
Missing CFGBVS and CONFIG_VOLTAGE Design Properties  
Neither the CFGBVS nor CONFIG_VOLTAGE voltage property is set in the current_design.  Configuration bank voltage select (CFGBVS) must be set to VCCO or GND, and CONFIG_VOLTAGE must be set to the correct configuration voltage, in order to determine the I/O voltage support for the pins in bank 0.  It is suggested to specify these either using the 'Edit Device Properties' function in the GUI or directly in the XDC file using the following syntax:

 set_property CFGBVS value1 [current_design]
 #where value1 is either VCCO or GND

 set_property CONFIG_VOLTAGE value2 [current_design]
 #where value2 is the voltage provided to configuration bank 0

Refer to the device configuration user guide for more information.
Related violations: <none>

DPIP-1#1 Warning
Input pipelining  
DSP gc0/ADDSUB_MACRO_inst/dsp_bl.DSP48E_BL input gc0/ADDSUB_MACRO_inst/dsp_bl.DSP48E_BL/A[29:0] is not pipelined. Pipelining DSP48 input will improve performance.
Related violations: <none>

DPIP-1#2 Warning
Input pipelining  
DSP gc0/ADDSUB_MACRO_inst/dsp_bl.DSP48E_BL input gc0/ADDSUB_MACRO_inst/dsp_bl.DSP48E_BL/C[47:0] is not pipelined. Pipelining DSP48 input will improve performance.
Related violations: <none>

AVAL-4#1 Advisory
enum_USE_DPORT_FALSE_enum_DREG_ADREG_0_connects_CED_CEAD_RSTD_GND  
gc0/ADDSUB_MACRO_inst/dsp_bl.DSP48E_BL: DSP48E1 is not using the D port (USE_DPORT = FALSE). For improved power characteristics, set DREG and ADREG to '1', tie CED, CEAD, and RSTD to logic '0'.
Related violations: <none>

AVAL-5#1 Advisory
enum_USE_MULT_NONE_enum_DREG_ADREG_0_connects_CED_CEAD_RSTD_GND  
gc0/ADDSUB_MACRO_inst/dsp_bl.DSP48E_BL: DSP48E1 is not using the Multiplier (USE_MULT = NONE). For improved power characteristics, set DREG and ADREG to '1', tie CED, CEAD, and RSTD to logic '0'.
Related violations: <none>

REQP-20#1 Advisory
enum_AREG_0_connects_CEA1_GND_connects_CEA2_GND  
gc0/ADDSUB_MACRO_inst/dsp_bl.DSP48E_BL: When DSP48E1 attribute AREG is set to 0, the CEA1 and CEA2 pins should be tied to GND to save power.
Related violations: <none>

REQP-24#1 Advisory
enum_BREG_0_connects_CEB1_GND_connects_CEB2_GND  
gc0/ADDSUB_MACRO_inst/dsp_bl.DSP48E_BL: When DSP48E1 attribute BREG is set to 0, the CEB1 and CEB2 pins should be tied to GND to save power.
Related violations: <none>

REQP-28#1 Advisory
enum_USE_MULT_NONE_connects_CEM_GND  
gc0/ADDSUB_MACRO_inst/dsp_bl.DSP48E_BL: When the DSP48E1 USE_MULT attribute is set to NONE, the CEM input pin should be tied to GND to save power.
Related violations: <none>

REQP-29#1 Advisory
enum_CREG_0_connects_CEC_GND  
gc0/ADDSUB_MACRO_inst/dsp_bl.DSP48E_BL: When the DSP48E1 CREG attribute is set to 0, the CEC input pin should be tied to GND to save power.
Related violations: <none>

REQP-30#1 Advisory
enum_MREG_0_connects_CEM_GND  
gc0/ADDSUB_MACRO_inst/dsp_bl.DSP48E_BL: When the DSP48E1 MREG attribute is set to 0, the CEM input pin should be tied to GND to save power.
Related violations: <none>


